<?xml version="1.0" encoding="UTF-8"?>
<!-- Generated by org.testng.reporters.JUnitXMLReporter -->
<testsuite hostname="hemas-MacBook-Air.local" ignored="0" name="Default test" tests="5" failures="0" timestamp="30 Oct 2019 18:51:50 GMT" time="7.418" errors="0">
  <testcase name="test_ListOfProducts" time="5.897" classname="sensynehealth.SenSynHealthApi"/>
  <testcase name="test_addProduct" time="0.611" classname="sensynehealth.SenSynHealthApi"/>
  <testcase name="test_deleteProduct" time="0.07" classname="sensynehealth.SenSynHealthApi"/>
  <testcase name="test_getProduct" time="0.616" classname="sensynehealth.SenSynHealthApi"/>
  <testcase name="test_updateProduct_withPrice" time="0.13" classname="sensynehealth.SenSynHealthApi"/>
</testsuite> <!-- Default test -->
