<?xml version="1.0" encoding="UTF-8"?>
<!-- Generated by org.testng.reporters.JUnitXMLReporter -->
<testsuite hostname="hemas-MacBook-Air.local" ignored="0" name="Test" tests="5" failures="0" timestamp="30 Oct 2019 19:09:07 GMT" time="10.513" errors="0">
  <testcase name="test_ListOfProducts" time="8.762" classname="sensynehealth.SenSynHealthApi"/>
  <testcase name="test_addProduct" time="0.658" classname="sensynehealth.SenSynHealthApi"/>
  <testcase name="test_deleteProduct" time="0.095" classname="sensynehealth.SenSynHealthApi"/>
  <testcase name="test_getProduct" time="0.587" classname="sensynehealth.SenSynHealthApi"/>
  <testcase name="test_updateProduct_withPrice" time="0.182" classname="sensynehealth.SenSynHealthApi"/>
</testsuite> <!-- Test -->
