<?xml version="1.0" encoding="UTF-8"?>
<!-- Generated by org.testng.reporters.JUnitXMLReporter -->
<testsuite hostname="hemas-MacBook-Air.local" ignored="0" name="Test1" tests="5" failures="0" timestamp="30 Oct 2019 19:18:55 GMT" time="9.373" errors="0">
  <testcase name="test_ListOfProducts" time="7.332" classname="sensynehealth.SenSynHealthApi"/>
  <testcase name="test_addProduct" time="0.546" classname="sensynehealth.SenSynHealthApi"/>
  <testcase name="test_deleteProduct" time="0.064" classname="sensynehealth.SenSynHealthApi"/>
  <testcase name="test_getProduct" time="1.03" classname="sensynehealth.SenSynHealthApi"/>
  <testcase name="test_updateProduct_withPrice" time="0.133" classname="sensynehealth.SenSynHealthApi"/>
</testsuite> <!-- Test1 -->
